<?xml version="1.0" encoding="utf-8"?><testsuites name="pytest tests"><testsuite name="pytest" errors="0" failures="0" skipped="0" tests="8" time="1.294" timestamp="2026-07-01T11:22:19.824714+00:00" hostname="agent-env-9d52b57d-a94a-4cc9-957f-980d1b3ac8de"><testcase classname="tests.test_sessions_api.TestGetSession" name="test_get_existing_session" time="0.195" /><testcase classname="tests.test_sessions_api.TestCreateSession" name="test_create_session_default_duration" time="0.125" /><testcase classname="tests.test_sessions_api.TestCreateSession" name="test_create_session_duration_5" time="0.154" /><testcase classname="tests.test_sessions_api.TestGetSession" name="test_get_session_case_insensitive" time="0.177" /><testcase classname="tests.test_sessions_api.TestCreateSession" name="test_create_session_invalid_duration_falls_back_to_3" time="0.133" /><testcase classname="tests.test_sessions_api.TestGetSession" name="test_get_nonexistent_session_returns_404" time="0.195" /><testcase classname="tests.test_sessions_api.TestCreateSession" name="test_create_session_codes_are_unique" time="0.358" /><testcase classname="tests.test_sessions_api.TestGetSession" name="test_root_endpoint" time="0.097" /></testsuite></testsuites>